<?xml version="1.0" encoding="UTF-8"?>
<testsuite name="controllers.NoteAPITest$ArchiveNotes" tests="3" skipped="0" failures="0" errors="0" timestamp="2023-11-24T14:31:45" hostname="DESKTOP-361VRIT" time="0.004">
  <properties/>
  <testcase name="archiving an active note that exists returns true and archives()" classname="controllers.NoteAPITest$ArchiveNotes" time="0.001"/>
  <testcase name="archiving a note that does not exist returns false()" classname="controllers.NoteAPITest$ArchiveNotes" time="0.001"/>
  <testcase name="archiving an already archived note returns false()" classname="controllers.NoteAPITest$ArchiveNotes" time="0.0"/>
  <system-out><![CDATA[]]></system-out>
  <system-err><![CDATA[]]></system-err>
</testsuite>
