<?xml version="1.0" encoding="UTF-8"?>
<testsuite name="controllers.NoteAPITest$SearchMethods" tests="2" skipped="0" failures="0" errors="0" timestamp="2023-11-24T14:31:45" hostname="DESKTOP-361VRIT" time="0.008">
  <properties/>
  <testcase name="search notes by title returns notes when notes with that title exist()" classname="controllers.NoteAPITest$SearchMethods" time="0.007"/>
  <testcase name="search notes by title returns no notes when no notes with that title exist()" classname="controllers.NoteAPITest$SearchMethods" time="0.001"/>
  <system-out><![CDATA[]]></system-out>
  <system-err><![CDATA[]]></system-err>
</testsuite>
